<?xml version="1.0" encoding="UTF-8"?>
<!-- Generated by org.testng.reporters.JUnitReportReporter -->
<testsuite name="com.qa.hubspot.tests.LoginPageTest" tests="1" time="5.055" ignored="3" failures="0" timestamp="19 Feb 2020 01:51:10 GMT" skipped="0" hostname="Naveen-Mac.local" errors="0">
  <testcase name="verifyLoginPageTitleTest" time="5.055" classname="com.qa.hubspot.tests.LoginPageTest"/>
  <testcase name="verifySignUpLinkTest" classname="com.qa.hubspot.tests.LoginPageTest">
    <skipped/>
  </testcase> <!-- verifySignUpLinkTest -->
  <testcase name="loginTest" classname="com.qa.hubspot.tests.LoginPageTest">
    <skipped/>
  </testcase> <!-- loginTest -->
  <testcase name="login_InvalidTestCases" classname="com.qa.hubspot.tests.LoginPageTest">
    <skipped/>
  </testcase> <!-- login_InvalidTestCases -->
</testsuite> <!-- com.qa.hubspot.tests.LoginPageTest -->
